[     242ms] TypeError: Cannot read properties of undefined (reading 'getClientJwt')
    at createElectronClerkInstance (http://localhost:5173/src/context/AuthContext.tsx:37:34)
    at getClerkInstance (http://localhost:5173/src/context/AuthContext.tsx:72:21)
    at AuthProvider (http://localhost:5173/src/context/AuthContext.tsx:374:16)
    at renderWithHooks (http://localhost:5173/@fs/Volumes/NAS%20LOCAL/CoBuilder/infrastructure/cobuilder-ide/node_modules/.vite/deps/chunk-LGGO4XSD.js?v=c719bd74:12171:26)
    at mountIndeterminateComponent (http://localhost:5173/@fs/Volumes/NAS%20LOCAL/CoBuilder/infrastructure/cobuilder-ide/node_modules/.vite/deps/chunk-LGGO4XSD.js?v=c719bd74:14921:21)
    at beginWork (http://localhost:5173/@fs/Volumes/NAS%20LOCAL/CoBuilder/infrastructure/cobuilder-ide/node_modules/.vite/deps/chunk-LGGO4XSD.js?v=c719bd74:15902:22)
    at HTMLUnknownElement.callCallback2 (http://localhost:5173/@fs/Volumes/NAS%20LOCAL/CoBuilder/infrastructure/cobuilder-ide/node_modules/.vite/deps/chunk-LGGO4XSD.js?v=c719bd74:3674:22)
    at Object.invokeGuardedCallbackDev (http://localhost:5173/@fs/Volumes/NAS%20LOCAL/CoBuilder/infrastructure/cobuilder-ide/node_modules/.vite/deps/chunk-LGGO4XSD.js?v=c719bd74:3699:24)
    at invokeGuardedCallback (http://localhost:5173/@fs/Volumes/NAS%20LOCAL/CoBuilder/infrastructure/cobuilder-ide/node_modules/.vite/deps/chunk-LGGO4XSD.js?v=c719bd74:3733:39)
    at beginWork$1 (http://localhost:5173/@fs/Volumes/NAS%20LOCAL/CoBuilder/infrastructure/cobuilder-ide/node_modules/.vite/deps/chunk-LGGO4XSD.js?v=c719bd74:19761:15)
[     250ms] TypeError: Cannot read properties of undefined (reading 'getClientJwt')
    at createElectronClerkInstance (http://localhost:5173/src/context/AuthContext.tsx:37:34)
    at getClerkInstance (http://localhost:5173/src/context/AuthContext.tsx:72:21)
    at AuthProvider (http://localhost:5173/src/context/AuthContext.tsx:374:16)
    at renderWithHooks (http://localhost:5173/@fs/Volumes/NAS%20LOCAL/CoBuilder/infrastructure/cobuilder-ide/node_modules/.vite/deps/chunk-LGGO4XSD.js?v=c719bd74:12171:26)
    at mountIndeterminateComponent (http://localhost:5173/@fs/Volumes/NAS%20LOCAL/CoBuilder/infrastructure/cobuilder-ide/node_modules/.vite/deps/chunk-LGGO4XSD.js?v=c719bd74:14921:21)
    at beginWork (http://localhost:5173/@fs/Volumes/NAS%20LOCAL/CoBuilder/infrastructure/cobuilder-ide/node_modules/.vite/deps/chunk-LGGO4XSD.js?v=c719bd74:15902:22)
    at HTMLUnknownElement.callCallback2 (http://localhost:5173/@fs/Volumes/NAS%20LOCAL/CoBuilder/infrastructure/cobuilder-ide/node_modules/.vite/deps/chunk-LGGO4XSD.js?v=c719bd74:3674:22)
    at Object.invokeGuardedCallbackDev (http://localhost:5173/@fs/Volumes/NAS%20LOCAL/CoBuilder/infrastructure/cobuilder-ide/node_modules/.vite/deps/chunk-LGGO4XSD.js?v=c719bd74:3699:24)
    at invokeGuardedCallback (http://localhost:5173/@fs/Volumes/NAS%20LOCAL/CoBuilder/infrastructure/cobuilder-ide/node_modules/.vite/deps/chunk-LGGO4XSD.js?v=c719bd74:3733:39)
    at beginWork$1 (http://localhost:5173/@fs/Volumes/NAS%20LOCAL/CoBuilder/infrastructure/cobuilder-ide/node_modules/.vite/deps/chunk-LGGO4XSD.js?v=c719bd74:19761:15)
[     244ms] [ERROR] The above error occurred in the <AuthProvider> component:

    at AuthProvider (http://localhost:5173/src/context/AuthContext.tsx:368:32)
    at DevConsoleProvider (http://localhost:5173/src/context/DevConsoleContext.tsx:59:38)
    at ThemeProvider (http://localhost:5173/src/context/ThemeContext.tsx:65:33)
    at App

Consider adding an error boundary to your tree to customize error handling behavior.
Visit https://reactjs.org/link/error-boundaries to learn more about error boundaries. @ http://localhost:5173/@fs/Volumes/NAS%20LOCAL/CoBuilder/infrastructure/cobuilder-ide/node_modules/.vite/deps/chunk-LGGO4XSD.js?v=c719bd74:14035
[     250ms] TypeError: Cannot read properties of undefined (reading 'getClientJwt')
    at createElectronClerkInstance (http://localhost:5173/src/context/AuthContext.tsx:37:34)
    at getClerkInstance (http://localhost:5173/src/context/AuthContext.tsx:72:21)
    at AuthProvider (http://localhost:5173/src/context/AuthContext.tsx:374:16)
    at renderWithHooks (http://localhost:5173/@fs/Volumes/NAS%20LOCAL/CoBuilder/infrastructure/cobuilder-ide/node_modules/.vite/deps/chunk-LGGO4XSD.js?v=c719bd74:12171:26)
    at mountIndeterminateComponent (http://localhost:5173/@fs/Volumes/NAS%20LOCAL/CoBuilder/infrastructure/cobuilder-ide/node_modules/.vite/deps/chunk-LGGO4XSD.js?v=c719bd74:14921:21)
    at beginWork (http://localhost:5173/@fs/Volumes/NAS%20LOCAL/CoBuilder/infrastructure/cobuilder-ide/node_modules/.vite/deps/chunk-LGGO4XSD.js?v=c719bd74:15902:22)
    at beginWork$1 (http://localhost:5173/@fs/Volumes/NAS%20LOCAL/CoBuilder/infrastructure/cobuilder-ide/node_modules/.vite/deps/chunk-LGGO4XSD.js?v=c719bd74:19749:22)
    at performUnitOfWork (http://localhost:5173/@fs/Volumes/NAS%20LOCAL/CoBuilder/infrastructure/cobuilder-ide/node_modules/.vite/deps/chunk-LGGO4XSD.js?v=c719bd74:19194:20)
    at workLoopSync (http://localhost:5173/@fs/Volumes/NAS%20LOCAL/CoBuilder/infrastructure/cobuilder-ide/node_modules/.vite/deps/chunk-LGGO4XSD.js?v=c719bd74:19133:13)
    at renderRootSync (http://localhost:5173/@fs/Volumes/NAS%20LOCAL/CoBuilder/infrastructure/cobuilder-ide/node_modules/.vite/deps/chunk-LGGO4XSD.js?v=c719bd74:19112:15)
[     250ms] [ERROR] Failed to load resource: the server responded with a status of 404 (Not Found) @ http://localhost:5173/favicon.ico:0
